<?xml version="1.0" encoding="utf-8"?><testsuites><testsuite name="pytest" errors="1" failures="63" skipped="0" tests="117" time="16.655" timestamp="2024-10-29T15:30:14.297804-04:00" hostname="ArtMorozov.local"><testcase classname="" name="tests.test_acks" time="0.000"><error message="collection failure">../../Library/Application Support/hatch/env/virtual/solace-ai-connector/o_vSMEsS/hatch-test.py3.9/lib/python3.9/site-packages/_pytest/python.py:493: in importtestmodule
    mod = import_path(
../../Library/Application Support/hatch/env/virtual/solace-ai-connector/o_vSMEsS/hatch-test.py3.9/lib/python3.9/site-packages/_pytest/pathlib.py:582: in import_path
    importlib.import_module(module_name)
../tmp/Xcode.app/Contents/Developer/Library/Frameworks/Python3.framework/Versions/3.9/lib/python3.9/importlib/__init__.py:127: in import_module
    return _bootstrap._gcd_import(name[level:], package, level)
&lt;frozen importlib._bootstrap&gt;:1030: in _gcd_import
    ???
&lt;frozen importlib._bootstrap&gt;:1007: in _find_and_load
    ???
&lt;frozen importlib._bootstrap&gt;:986: in _find_and_load_unlocked
    ???
&lt;frozen importlib._bootstrap&gt;:680: in _load_unlocked
    ???
../../Library/Application Support/hatch/env/virtual/solace-ai-connector/o_vSMEsS/hatch-test.py3.9/lib/python3.9/site-packages/_pytest/assertion/rewrite.py:184: in exec_module
    exec(co, module.__dict__)
tests/test_acks.py:8: in &lt;module&gt;
    from solace_ai_connector.test_utils.utils_for_test_files import (  # pylint: disable=wrong-import-position
src/solace_ai_connector/test_utils/utils_for_test_files.py:8: in &lt;module&gt;
    from solace_ai_connector.solace_ai_connector import SolaceAiConnector
src/solace_ai_connector/solace_ai_connector.py:10: in &lt;module&gt;
    from .flow.flow import Flow
src/solace_ai_connector/flow/flow.py:6: in &lt;module&gt;
    from ..components.component_base import ComponentBase
src/solace_ai_connector/components/__init__.py:28: in &lt;module&gt;
    from .general.langchain import (
E     File "/Users/artmorozov/wrk/SolaceDev-solace-ai-connector/src/solace_ai_connector/components/general/langchain/langchain_vector_store_embedding_index.py", line 142
E       match action:
E             ^
E   SyntaxError: invalid syntax</error></testcase><testcase classname="tests.test_aggregate" name="test_aggregate_by_time" time="0.008"><failure message="ImportError: Module load error for solace_ai_connector.components.aggregate: invalid syntax (langchain_vector_store_embedding_index.py, line 142)">module = 'aggregate', base_path = None, component_package = None

    def import_module(module, base_path=None, component_package=None):
        """Import a module by name or return the module object if it's already imported"""
    
        if isinstance(module, types.ModuleType):
            return module
    
        if component_package:
            install_package(component_package)
    
        if base_path:
            if base_path not in sys.path:
                sys.path.append(base_path)
        try:
&gt;           return importlib.import_module(module)

src/solace_ai_connector/common/utils.py:116: 
_ _ _ _ _ _ _ _ _ _ _ _ _ _ _ _ _ _ _ _ _ _ _ _ _ _ _ _ _ _ _ _ _ _ _ _ _ _ _ _ _ _ _ _ _ _ _ _ _ _ _ _ _ _ _ _ _ _ _ _ 

name = 'aggregate', package = None

    def import_module(name, package=None):
        """Import a module.
    
        The 'package' argument is required when performing a relative import. It
        specifies the package to use as the anchor point from which to resolve the
        relative import to an absolute import.
    
        """
        level = 0
        if name.startswith('.'):
            if not package:
                msg = ("the 'package' argument is required to perform a relative "
                       "import for {!r}")
                raise TypeError(msg.format(name))
            for character in name:
                if character != '.':
                    break
                level += 1
&gt;       return _bootstrap._gcd_import(name[level:], package, level)
E       ModuleNotFoundError: No module named 'aggregate'

../tmp/Xcode.app/Contents/Developer/Library/Frameworks/Python3.framework/Versions/3.9/lib/python3.9/importlib/__init__.py:127: ModuleNotFoundError

During handling of the above exception, another exception occurred:

module = 'aggregate', base_path = None, component_package = None

    def import_module(module, base_path=None, component_package=None):
        """Import a module by name or return the module object if it's already imported"""
    
        if isinstance(module, types.ModuleType):
            return module
    
        if component_package:
            install_package(component_package)
    
        if base_path:
            if base_path not in sys.path:
                sys.path.append(base_path)
        try:
            return importlib.import_module(module)
        except ModuleNotFoundError as exc:
            # If the module does not have a path associated with it, try
            # importing it from the known prefixes - annoying that this
            # is necessary. It seems you can't dynamically import a module
            # that is listed in an __init__.py file :(
            if "." not in module:
                for prefix_prefix in ["solace_ai_connector", "."]:
                    for prefix in [
                        ".components",
                        ".components.general",
                        ".components.general.for_testing",
                        ".components.general.langchain",
                        ".components.general.openai",
                        ".components.general.websearch",
                        ".components.inputs_outputs",
                        ".components.general.filter",
                        ".transforms",
                        ".common",
                    ]:
                        full_name = f"{prefix_prefix}{prefix}.{module}"
                        try:
                            if full_name.startswith("."):
                                return importlib.import_module(
                                    full_name, package=__package__
                                )
                            else:
&gt;                               return importlib.import_module(full_name)

src/solace_ai_connector/common/utils.py:143: 
_ _ _ _ _ _ _ _ _ _ _ _ _ _ _ _ _ _ _ _ _ _ _ _ _ _ _ _ _ _ _ _ _ _ _ _ _ _ _ _ _ _ _ _ _ _ _ _ _ _ _ _ _ _ _ _ _ _ _ _ 
../tmp/Xcode.app/Contents/Developer/Library/Frameworks/Python3.framework/Versions/3.9/lib/python3.9/importlib/__init__.py:127: in import_module
    return _bootstrap._gcd_import(name[level:], package, level)
_ _ _ _ _ _ _ _ _ _ _ _ _ _ _ _ _ _ _ _ _ _ _ _ _ _ _ _ _ _ _ _ _ _ _ _ _ _ _ _ _ _ _ _ _ _ _ _ _ _ _ _ _ _ _ _ _ _ _ _ 

    from .inputs_outputs import (
        error_input,
        timer_input,
        broker_input,
        broker_output,
        stdout_output,
        stdin_input,
    )
    
    from .general import (
        user_processor,
        aggregate,
        pass_through,
        delay,
        iterate,
        message_filter,
        parser,
    )
    
    from .general.for_testing import (
        need_ack_input,
        fail,
        give_ack_output,
    )
    
&gt;   from .general.langchain import (
        langchain_embeddings,
        langchain_vector_store_delete,
        langchain_chat_model,
        langchain_chat_model_with_history,
        langchain_vector_store_embedding_index,
        langchain_vector_store_embedding_search,
    )
E     File "/Users/artmorozov/wrk/SolaceDev-solace-ai-connector/src/solace_ai_connector/components/general/langchain/langchain_vector_store_embedding_index.py", line 142
E       match action:
E             ^
E   SyntaxError: invalid syntax

src/solace_ai_connector/components/__init__.py:28: SyntaxError

The above exception was the direct cause of the following exception:

    def test_aggregate_by_time():
        """Test the aggregate component by time"""
        TIMEOUT_MS = 700
        config_yaml = f"""
    log:
      log_file_level: DEBUG
      log_file: solace_ai_connector.log
    flows:
      - name: test_flow
        components:
          - component_name: aggregate
            component_module: aggregate
            component_config:
              max_items: 10
              max_time_ms: {TIMEOUT_MS}
            input_selection:
              source_expression: input.payload
    """
&gt;       connector, flows = create_test_flows(config_yaml)

tests/test_aggregate.py:37: 
_ _ _ _ _ _ _ _ _ _ _ _ _ _ _ _ _ _ _ _ _ _ _ _ _ _ _ _ _ _ _ _ _ _ _ _ _ _ _ _ _ _ _ _ _ _ _ _ _ _ _ _ _ _ _ _ _ _ _ _ 
src/solace_ai_connector/test_utils/utils_for_test_files.py:164: in create_test_flows
    connector = create_connector(config_or_yaml, error_queue=error_queue)
src/solace_ai_connector/test_utils/utils_for_test_files.py:76: in create_connector
    connector.run()
src/solace_ai_connector/solace_ai_connector.py:40: in run
    self.create_flows()
src/solace_ai_connector/solace_ai_connector.py:62: in create_flows
    flow_instance = self.create_flow(flow, index, i)
src/solace_ai_connector/solace_ai_connector.py:72: in create_flow
    return Flow(
src/solace_ai_connector/flow/flow.py:67: in __init__
    self.create_components()
src/solace_ai_connector/flow/flow.py:75: in create_components
    self.create_component_group(component, index)
src/solace_ai_connector/flow/flow.py:98: in create_component_group
    imported_module = import_module(component_module, base_path, component_package)
_ _ _ _ _ _ _ _ _ _ _ _ _ _ _ _ _ _ _ _ _ _ _ _ _ _ _ _ _ _ _ _ _ _ _ _ _ _ _ _ _ _ _ _ _ _ _ _ _ _ _ _ _ _ _ _ _ _ _ _ 

module = 'aggregate', base_path = None, component_package = None

    def import_module(module, base_path=None, component_package=None):
        """Import a module by name or return the module object if it's already imported"""
    
        if isinstance(module, types.ModuleType):
            return module
    
        if component_package:
            install_package(component_package)
    
        if base_path:
            if base_path not in sys.path:
                sys.path.append(base_path)
        try:
            return importlib.import_module(module)
        except ModuleNotFoundError as exc:
            # If the module does not have a path associated with it, try
            # importing it from the known prefixes - annoying that this
            # is necessary. It seems you can't dynamically import a module
            # that is listed in an __init__.py file :(
            if "." not in module:
                for prefix_prefix in ["solace_ai_connector", "."]:
                    for prefix in [
                        ".components",
                        ".components.general",
                        ".components.general.for_testing",
                        ".components.general.langchain",
                        ".components.general.openai",
                        ".components.general.websearch",
                        ".components.inputs_outputs",
                        ".components.general.filter",
                        ".transforms",
                        ".common",
                    ]:
                        full_name = f"{prefix_prefix}{prefix}.{module}"
                        try:
                            if full_name.startswith("."):
                                return importlib.import_module(
                                    full_name, package=__package__
                                )
                            else:
                                return importlib.import_module(full_name)
                        except ModuleNotFoundError as e:
                            name = str(e.name)
                            if (
                                name != "solace_ai_connector"
                                and name.split(".")[-1] != full_name.split(".")[-1]
                            ):
                                raise e
                        except Exception as e:
&gt;                           raise ImportError(
                                f"Module load error for {full_name}: {e}"
                            ) from e
E                           ImportError: Module load error for solace_ai_connector.components.aggregate: invalid syntax (langchain_vector_store_embedding_index.py, line 142)

src/solace_ai_connector/common/utils.py:152: ImportError</failure></testcase><testcase classname="tests.test_aggregate" name="test_both_items_and_time" time="0.043"><failure message="ImportError: Module load error for solace_ai_connector.components.aggregate: invalid syntax (langchain_vector_store_embedding_index.py, line 142)">module = 'aggregate', base_path = None, component_package = None

    def import_module(module, base_path=None, component_package=None):
        """Import a module by name or return the module object if it's already imported"""
    
        if isinstance(module, types.ModuleType):
            return module
    
        if component_package:
            install_package(component_package)
    
        if base_path:
            if base_path not in sys.path:
                sys.path.append(base_path)
        try:
&gt;           return importlib.import_module(module)

src/solace_ai_connector/common/utils.py:116: 
_ _ _ _ _ _ _ _ _ _ _ _ _ _ _ _ _ _ _ _ _ _ _ _ _ _ _ _ _ _ _ _ _ _ _ _ _ _ _ _ _ _ _ _ _ _ _ _ _ _ _ _ _ _ _ _ _ _ _ _ 

name = 'aggregate', package = None

    def import_module(name, package=None):
        """Import a module.
    
        The 'package' argument is required when performing a relative import. It
        specifies the package to use as the anchor point from which to resolve the
        relative import to an absolute import.
    
        """
        level = 0
        if name.startswith('.'):
            if not package:
                msg = ("the 'package' argument is required to perform a relative "
                       "import for {!r}")
                raise TypeError(msg.format(name))
            for character in name:
                if character != '.':
                    break
                level += 1
&gt;       return _bootstrap._gcd_import(name[level:], package, level)
E       ModuleNotFoundError: No module named 'aggregate'

../tmp/Xcode.app/Contents/Developer/Library/Frameworks/Python3.framework/Versions/3.9/lib/python3.9/importlib/__init__.py:127: ModuleNotFoundError

During handling of the above exception, another exception occurred:

module = 'aggregate', base_path = None, component_package = None

    def import_module(module, base_path=None, component_package=None):
        """Import a module by name or return the module object if it's already imported"""
    
        if isinstance(module, types.ModuleType):
            return module
    
        if component_package:
            install_package(component_package)
    
        if base_path:
            if base_path not in sys.path:
                sys.path.append(base_path)
        try:
            return importlib.import_module(module)
        except ModuleNotFoundError as exc:
            # If the module does not have a path associated with it, try
            # importing it from the known prefixes - annoying that this
            # is necessary. It seems you can't dynamically import a module
            # that is listed in an __init__.py file :(
            if "." not in module:
                for prefix_prefix in ["solace_ai_connector", "."]:
                    for prefix in [
                        ".components",
                        ".components.general",
                        ".components.general.for_testing",
                        ".components.general.langchain",
                        ".components.general.openai",
                        ".components.general.websearch",
                        ".components.inputs_outputs",
                        ".components.general.filter",
                        ".transforms",
                        ".common",
                    ]:
                        full_name = f"{prefix_prefix}{prefix}.{module}"
                        try:
                            if full_name.startswith("."):
                                return importlib.import_module(
                                    full_name, package=__package__
                                )
                            else:
&gt;                               return importlib.import_module(full_name)

src/solace_ai_connector/common/utils.py:143: 
_ _ _ _ _ _ _ _ _ _ _ _ _ _ _ _ _ _ _ _ _ _ _ _ _ _ _ _ _ _ _ _ _ _ _ _ _ _ _ _ _ _ _ _ _ _ _ _ _ _ _ _ _ _ _ _ _ _ _ _ 
../tmp/Xcode.app/Contents/Developer/Library/Frameworks/Python3.framework/Versions/3.9/lib/python3.9/importlib/__init__.py:127: in import_module
    return _bootstrap._gcd_import(name[level:], package, level)
_ _ _ _ _ _ _ _ _ _ _ _ _ _ _ _ _ _ _ _ _ _ _ _ _ _ _ _ _ _ _ _ _ _ _ _ _ _ _ _ _ _ _ _ _ _ _ _ _ _ _ _ _ _ _ _ _ _ _ _ 

    from .inputs_outputs import (
        error_input,
        timer_input,
        broker_input,
        broker_output,
        stdout_output,
        stdin_input,
    )
    
    from .general import (
        user_processor,
        aggregate,
        pass_through,
        delay,
        iterate,
        message_filter,
        parser,
    )
    
    from .general.for_testing import (
        need_ack_input,
        fail,
        give_ack_output,
    )
    
&gt;   from .general.langchain import (
        langchain_embeddings,
        langchain_vector_store_delete,
        langchain_chat_model,
        langchain_chat_model_with_history,
        langchain_vector_store_embedding_index,
        langchain_vector_store_embedding_search,
    )
E     File "/Users/artmorozov/wrk/SolaceDev-solace-ai-connector/src/solace_ai_connector/components/general/langchain/langchain_vector_store_embedding_index.py", line 142
E       match action:
E             ^
E   SyntaxError: invalid syntax

src/solace_ai_connector/components/__init__.py:28: SyntaxError

The above exception was the direct cause of the following exception:

    def test_both_items_and_time():
        """Test the aggregate component by items"""
        MAX_TIME_MS = 1000
        config_yaml = f"""
    log:
      log_file_level: DEBUG
      log_file: solace_ai_connector.log
    flows:
      - name: test_flow
        components:
          - component_name: aggregate
            component_module: aggregate
            component_config:
              max_items: 3
              max_time_ms: {MAX_TIME_MS}
            input_selection:
              source_expression: input.payload
    """
&gt;       connector, flows = create_test_flows(config_yaml)

tests/test_aggregate.py:135: 
_ _ _ _ _ _ _ _ _ _ _ _ _ _ _ _ _ _ _ _ _ _ _ _ _ _ _ _ _ _ _ _ _ _ _ _ _ _ _ _ _ _ _ _ _ _ _ _ _ _ _ _ _ _ _ _ _ _ _ _ 
src/solace_ai_connector/test_utils/utils_for_test_files.py:164: in create_test_flows
    connector = create_connector(config_or_yaml, error_queue=error_queue)
src/solace_ai_connector/test_utils/utils_for_test_files.py:76: in create_connector
    connector.run()
src/solace_ai_connector/solace_ai_connector.py:40: in run
    self.create_flows()
src/solace_ai_connector/solace_ai_connector.py:62: in create_flows
    flow_instance = self.create_flow(flow, index, i)
src/solace_ai_connector/solace_ai_connector.py:72: in create_flow
    return Flow(
src/solace_ai_connector/flow/flow.py:67: in __init__
    self.create_components()
src/solace_ai_connector/flow/flow.py:75: in create_components
    self.create_component_group(component, index)
src/solace_ai_connector/flow/flow.py:98: in create_component_group
    imported_module = import_module(component_module, base_path, component_package)
_ _ _ _ _ _ _ _ _ _ _ _ _ _ _ _ _ _ _ _ _ _ _ _ _ _ _ _ _ _ _ _ _ _ _ _ _ _ _ _ _ _ _ _ _ _ _ _ _ _ _ _ _ _ _ _ _ _ _ _ 

module = 'aggregate', base_path = None, component_package = None

    def import_module(module, base_path=None, component_package=None):
        """Import a module by name or return the module object if it's already imported"""
    
        if isinstance(module, types.ModuleType):
            return module
    
        if component_package:
            install_package(component_package)
    
        if base_path:
            if base_path not in sys.path:
                sys.path.append(base_path)
        try:
            return importlib.import_module(module)
        except ModuleNotFoundError as exc:
            # If the module does not have a path associated with it, try
            # importing it from the known prefixes - annoying that this
            # is necessary. It seems you can't dynamically import a module
            # that is listed in an __init__.py file :(
            if "." not in module:
                for prefix_prefix in ["solace_ai_connector", "."]:
                    for prefix in [
                        ".components",
                        ".components.general",
                        ".components.general.for_testing",
                        ".components.general.langchain",
                        ".components.general.openai",
                        ".components.general.websearch",
                        ".components.inputs_outputs",
                        ".components.general.filter",
                        ".transforms",
                        ".common",
                    ]:
                        full_name = f"{prefix_prefix}{prefix}.{module}"
                        try:
                            if full_name.startswith("."):
                                return importlib.import_module(
                                    full_name, package=__package__
                                )
                            else:
                                return importlib.import_module(full_name)
                        except ModuleNotFoundError as e:
                            name = str(e.name)
                            if (
                                name != "solace_ai_connector"
                                and name.split(".")[-1] != full_name.split(".")[-1]
                            ):
                                raise e
                        except Exception as e:
&gt;                           raise ImportError(
                                f"Module load error for {full_name}: {e}"
                            ) from e
E                           ImportError: Module load error for solace_ai_connector.components.aggregate: invalid syntax (langchain_vector_store_embedding_index.py, line 142)

src/solace_ai_connector/common/utils.py:152: ImportError</failure></testcase><testcase classname="tests.test_config_file" name="test_component_missing_info_attribute" time="0.010"><failure message="ImportError: Module load error for solace_ai_connector.components.utils: invalid syntax (langchain_vector_store_embedding_index.py, line 142)">module = 'utils', base_path = None, component_package = None

    def import_module(module, base_path=None, component_package=None):
        """Import a module by name or return the module object if it's already imported"""
    
        if isinstance(module, types.ModuleType):
            return module
    
        if component_package:
            install_package(component_package)
    
        if base_path:
            if base_path not in sys.path:
                sys.path.append(base_path)
        try:
&gt;           return importlib.import_module(module)

src/solace_ai_connector/common/utils.py:116: 
_ _ _ _ _ _ _ _ _ _ _ _ _ _ _ _ _ _ _ _ _ _ _ _ _ _ _ _ _ _ _ _ _ _ _ _ _ _ _ _ _ _ _ _ _ _ _ _ _ _ _ _ _ _ _ _ _ _ _ _ 

name = 'utils', package = None

    def import_module(name, package=None):
        """Import a module.
    
        The 'package' argument is required when performing a relative import. It
        specifies the package to use as the anchor point from which to resolve the
        relative import to an absolute import.
    
        """
        level = 0
        if name.startswith('.'):
            if not package:
                msg = ("the 'package' argument is required to perform a relative "
                       "import for {!r}")
                raise TypeError(msg.format(name))
            for character in name:
                if character != '.':
                    break
                level += 1
&gt;       return _bootstrap._gcd_import(name[level:], package, level)
E       ModuleNotFoundError: No module named 'utils'

../tmp/Xcode.app/Contents/Developer/Library/Frameworks/Python3.framework/Versions/3.9/lib/python3.9/importlib/__init__.py:127: ModuleNotFoundError

During handling of the above exception, another exception occurred:

module = 'utils', base_path = None, component_package = None

    def import_module(module, base_path=None, component_package=None):
        """Import a module by name or return the module object if it's already imported"""
    
        if isinstance(module, types.ModuleType):
            return module
    
        if component_package:
            install_package(component_package)
    
        if base_path:
            if base_path not in sys.path:
                sys.path.append(base_path)
        try:
            return importlib.import_module(module)
        except ModuleNotFoundError as exc:
            # If the module does not have a path associated with it, try
            # importing it from the known prefixes - annoying that this
            # is necessary. It seems you can't dynamically import a module
            # that is listed in an __init__.py file :(
            if "." not in module:
                for prefix_prefix in ["solace_ai_connector", "."]:
                    for prefix in [
                        ".components",
                        ".components.general",
                        ".components.general.for_testing",
                        ".components.general.langchain",
                        ".components.general.openai",
                        ".components.general.websearch",
                        ".components.inputs_outputs",
                        ".components.general.filter",
                        ".transforms",
                        ".common",
                    ]:
                        full_name = f"{prefix_prefix}{prefix}.{module}"
                        try:
                            if full_name.startswith("."):
                                return importlib.import_module(
                                    full_name, package=__package__
                                )
                            else:
&gt;                               return importlib.import_module(full_name)

src/solace_ai_connector/common/utils.py:143: 
_ _ _ _ _ _ _ _ _ _ _ _ _ _ _ _ _ _ _ _ _ _ _ _ _ _ _ _ _ _ _ _ _ _ _ _ _ _ _ _ _ _ _ _ _ _ _ _ _ _ _ _ _ _ _ _ _ _ _ _ 
../tmp/Xcode.app/Contents/Developer/Library/Frameworks/Python3.framework/Versions/3.9/lib/python3.9/importlib/__init__.py:127: in import_module
    return _bootstrap._gcd_import(name[level:], package, level)
_ _ _ _ _ _ _ _ _ _ _ _ _ _ _ _ _ _ _ _ _ _ _ _ _ _ _ _ _ _ _ _ _ _ _ _ _ _ _ _ _ _ _ _ _ _ _ _ _ _ _ _ _ _ _ _ _ _ _ _ 

    from .inputs_outputs import (
        error_input,
        timer_input,
        broker_input,
        broker_output,
        stdout_output,
        stdin_input,
    )
    
    from .general import (
        user_processor,
        aggregate,
        pass_through,
        delay,
        iterate,
        message_filter,
        parser,
    )
    
    from .general.for_testing import (
        need_ack_input,
        fail,
        give_ack_output,
    )
    
&gt;   from .general.langchain import (
        langchain_embeddings,
        langchain_vector_store_delete,
        langchain_chat_model,
        langchain_chat_model_with_history,
        langchain_vector_store_embedding_index,
        langchain_vector_store_embedding_search,
    )
E     File "/Users/artmorozov/wrk/SolaceDev-solace-ai-connector/src/solace_ai_connector/components/general/langchain/langchain_vector_store_embedding_index.py", line 142
E       match action:
E             ^
E   SyntaxError: invalid syntax

src/solace_ai_connector/components/__init__.py:28: SyntaxError

The above exception was the direct cause of the following exception:

    def test_component_missing_info_attribute():
        """Test that the program exits if the component module is missing the info attribute"""
        config_yaml = """
    log:
      log_file_level: DEBUG
      log_file: solace_ai_connector.log
    flows:
      - name: test_flow
        components:
          - component_name: delay1
            component_module: utils
    """
        with pytest.raises(ValueError) as e:
&gt;           create_connector(
                config_yaml,
            )

tests/test_config_file.py:229: 
_ _ _ _ _ _ _ _ _ _ _ _ _ _ _ _ _ _ _ _ _ _ _ _ _ _ _ _ _ _ _ _ _ _ _ _ _ _ _ _ _ _ _ _ _ _ _ _ _ _ _ _ _ _ _ _ _ _ _ _ 
src/solace_ai_connector/test_utils/utils_for_test_files.py:76: in create_connector
    connector.run()
src/solace_ai_connector/solace_ai_connector.py:40: in run
    self.create_flows()
src/solace_ai_connector/solace_ai_connector.py:62: in create_flows
    flow_instance = self.create_flow(flow, index, i)
src/solace_ai_connector/solace_ai_connector.py:72: in create_flow
    return Flow(
src/solace_ai_connector/flow/flow.py:67: in __init__
    self.create_components()
src/solace_ai_connector/flow/flow.py:75: in create_components
    self.create_component_group(component, index)
src/solace_ai_connector/flow/flow.py:98: in create_component_group
    imported_module = import_module(component_module, base_path, component_package)
_ _ _ _ _ _ _ _ _ _ _ _ _ _ _ _ _ _ _ _ _ _ _ _ _ _ _ _ _ _ _ _ _ _ _ _ _ _ _ _ _ _ _ _ _ _ _ _ _ _ _ _ _ _ _ _ _ _ _ _ 

module = 'utils', base_path = None, component_package = None

    def import_module(module, base_path=None, component_package=None):
        """Import a module by name or return the module object if it's already imported"""
    
        if isinstance(module, types.ModuleType):
            return module
    
        if component_package:
            install_package(component_package)
    
        if base_path:
            if base_path not in sys.path:
                sys.path.append(base_path)
        try:
            return importlib.import_module(module)
        except ModuleNotFoundError as exc:
            # If the module does not have a path associated with it, try
            # importing it from the known prefixes - annoying that this
            # is necessary. It seems you can't dynamically import a module
            # that is listed in an __init__.py file :(
            if "." not in module:
                for prefix_prefix in ["solace_ai_connector", "."]:
                    for prefix in [
                        ".components",
                        ".components.general",
                        ".components.general.for_testing",
                        ".components.general.langchain",
                        ".components.general.openai",
                        ".components.general.websearch",
                        ".components.inputs_outputs",
                        ".components.general.filter",
                        ".transforms",
                        ".common",
                    ]:
                        full_name = f"{prefix_prefix}{prefix}.{module}"
                        try:
                            if full_name.startswith("."):
                                return importlib.import_module(
                                    full_name, package=__package__
                                )
                            else:
                                return importlib.import_module(full_name)
                        except ModuleNotFoundError as e:
                            name = str(e.name)
                            if (
                                name != "solace_ai_connector"
                                and name.split(".")[-1] != full_name.split(".")[-1]
                            ):
                                raise e
                        except Exception as e:
&gt;                           raise ImportError(
                                f"Module load error for {full_name}: {e}"
                            ) from e
E                           ImportError: Module load error for solace_ai_connector.components.utils: invalid syntax (langchain_vector_store_embedding_index.py, line 142)

src/solace_ai_connector/common/utils.py:152: ImportError</failure></testcase><testcase classname="tests.test_config_file" name="test_static_import_and_object_config" time="0.001"><failure message="AttributeError: module 'solace_ai_connector' has no attribute 'components'">def test_static_import_and_object_config():
        """Test that we can statically import a module and pass an object for the config"""
    
        config = {
            "log": {"log_file_level": "DEBUG", "log_file": "solace_ai_connector.log"},
            "flows": [
                {
                    "name": "test_flow",
                    "components": [
                        {
                            "component_name": "delay1",
&gt;                           "component_module": solace_ai_connector.components.general.pass_through,
                            "component_config": {"delay": 0.1},
                            "input_selection": {"source_expression": "input.payload"},
                        }
                    ],
                }
            ],
        }
E       AttributeError: module 'solace_ai_connector' has no attribute 'components'

tests/test_config_file.py:164: AttributeError</failure></testcase><testcase classname="tests.test_invoke" name="test_resolve_config_values[test2]" time="0.003"><failure message="ImportError: Module load error for solace_ai_connector.components.invoke_functions: invalid syntax (langchain_vector_store_embedding_index.py, line 142)">module = 'invoke_functions', base_path = None, component_package = None

    def import_module(module, base_path=None, component_package=None):
        """Import a module by name or return the module object if it's already imported"""
    
        if isinstance(module, types.ModuleType):
            return module
    
        if component_package:
            install_package(component_package)
    
        if base_path:
            if base_path not in sys.path:
                sys.path.append(base_path)
        try:
&gt;           return importlib.import_module(module)

src/solace_ai_connector/common/utils.py:116: 
_ _ _ _ _ _ _ _ _ _ _ _ _ _ _ _ _ _ _ _ _ _ _ _ _ _ _ _ _ _ _ _ _ _ _ _ _ _ _ _ _ _ _ _ _ _ _ _ _ _ _ _ _ _ _ _ _ _ _ _ 

name = 'invoke_functions', package = None

    def import_module(name, package=None):
        """Import a module.
    
        The 'package' argument is required when performing a relative import. It
        specifies the package to use as the anchor point from which to resolve the
        relative import to an absolute import.
    
        """
        level = 0
        if name.startswith('.'):
            if not package:
                msg = ("the 'package' argument is required to perform a relative "
                       "import for {!r}")
                raise TypeError(msg.format(name))
            for character in name:
                if character != '.':
                    break
                level += 1
&gt;       return _bootstrap._gcd_import(name[level:], package, level)
E       ModuleNotFoundError: No module named 'invoke_functions'

../tmp/Xcode.app/Contents/Developer/Library/Frameworks/Python3.framework/Versions/3.9/lib/python3.9/importlib/__init__.py:127: ModuleNotFoundError

During handling of the above exception, another exception occurred:

module = 'invoke_functions', base_path = None, component_package = None

    def import_module(module, base_path=None, component_package=None):
        """Import a module by name or return the module object if it's already imported"""
    
        if isinstance(module, types.ModuleType):
            return module
    
        if component_package:
            install_package(component_package)
    
        if base_path:
            if base_path not in sys.path:
                sys.path.append(base_path)
        try:
            return importlib.import_module(module)
        except ModuleNotFoundError as exc:
            # If the module does not have a path associated with it, try
            # importing it from the known prefixes - annoying that this
            # is necessary. It seems you can't dynamically import a module
            # that is listed in an __init__.py file :(
            if "." not in module:
                for prefix_prefix in ["solace_ai_connector", "."]:
                    for prefix in [
                        ".components",
                        ".components.general",
                        ".components.general.for_testing",
                        ".components.general.langchain",
                        ".components.general.openai",
                        ".components.general.websearch",
                        ".components.inputs_outputs",
                        ".components.general.filter",
                        ".transforms",
                        ".common",
                    ]:
                        full_name = f"{prefix_prefix}{prefix}.{module}"
                        try:
                            if full_name.startswith("."):
                                return importlib.import_module(
                                    full_name, package=__package__
                                )
                            else:
&gt;                               return importlib.import_module(full_name)

src/solace_ai_connector/common/utils.py:143: 
_ _ _ _ _ _ _ _ _ _ _ _ _ _ _ _ _ _ _ _ _ _ _ _ _ _ _ _ _ _ _ _ _ _ _ _ _ _ _ _ _ _ _ _ _ _ _ _ _ _ _ _ _ _ _ _ _ _ _ _ 
../tmp/Xcode.app/Contents/Developer/Library/Frameworks/Python3.framework/Versions/3.9/lib/python3.9/importlib/__init__.py:127: in import_module
    return _bootstrap._gcd_import(name[level:], package, level)
_ _ _ _ _ _ _ _ _ _ _ _ _ _ _ _ _ _ _ _ _ _ _ _ _ _ _ _ _ _ _ _ _ _ _ _ _ _ _ _ _ _ _ _ _ _ _ _ _ _ _ _ _ _ _ _ _ _ _ _ 

    from .inputs_outputs import (
        error_input,
        timer_input,
        broker_input,
        broker_output,
        stdout_output,
        stdin_input,
    )
    
    from .general import (
        user_processor,
        aggregate,
        pass_through,
        delay,
        iterate,
        message_filter,
        parser,
    )
    
    from .general.for_testing import (
        need_ack_input,
        fail,
        give_ack_output,
    )
    
&gt;   from .general.langchain import (
        langchain_embeddings,
        langchain_vector_store_delete,
        langchain_chat_model,
        langchain_chat_model_with_history,
        langchain_vector_store_embedding_index,
        langchain_vector_store_embedding_search,
    )
E     File "/Users/artmorozov/wrk/SolaceDev-solace-ai-connector/src/solace_ai_connector/components/general/langchain/langchain_vector_store_embedding_index.py", line 142
E       match action:
E             ^
E   SyntaxError: invalid syntax

src/solace_ai_connector/components/__init__.py:28: SyntaxError

The above exception was the direct cause of the following exception:

test = {'expected': {'a': 1, 'b': 2, 'c': {'d': 3, 'e': 3}}, 'input': {'a': 1, 'b': 2, 'c': {'d': 3, 'e': {'invoke': {'function': 'add', 'module': 'invoke_functions', 'params': {'x': 1, 'y': 2}}}}}}

    @pytest.mark.parametrize("test", tests)
    def test_resolve_config_values(test):
&gt;       assert resolve_config_values(test["input"]) == test["expected"]

tests/test_invoke.py:358: 
_ _ _ _ _ _ _ _ _ _ _ _ _ _ _ _ _ _ _ _ _ _ _ _ _ _ _ _ _ _ _ _ _ _ _ _ _ _ _ _ _ _ _ _ _ _ _ _ _ _ _ _ _ _ _ _ _ _ _ _ 
src/solace_ai_connector/common/utils.py:93: in resolve_config_values
    config[key] = resolve_config_values(
src/solace_ai_connector/common/utils.py:93: in resolve_config_values
    config[key] = resolve_config_values(
src/solace_ai_connector/common/utils.py:87: in resolve_config_values
    config = invoke_config(config["invoke"], allow_source_expression)
src/solace_ai_connector/common/utils.py:182: in invoke_config
    obj = import_module(module, base_path=path)
_ _ _ _ _ _ _ _ _ _ _ _ _ _ _ _ _ _ _ _ _ _ _ _ _ _ _ _ _ _ _ _ _ _ _ _ _ _ _ _ _ _ _ _ _ _ _ _ _ _ _ _ _ _ _ _ _ _ _ _ 

module = 'invoke_functions', base_path = None, component_package = None

    def import_module(module, base_path=None, component_package=None):
        """Import a module by name or return the module object if it's already imported"""
    
        if isinstance(module, types.ModuleType):
            return module
    
        if component_package:
            install_package(component_package)
    
        if base_path:
            if base_path not in sys.path:
                sys.path.append(base_path)
        try:
            return importlib.import_module(module)
        except ModuleNotFoundError as exc:
            # If the module does not have a path associated with it, try
            # importing it from the known prefixes - annoying that this
            # is necessary. It seems you can't dynamically import a module
            # that is listed in an __init__.py file :(
            if "." not in module:
                for prefix_prefix in ["solace_ai_connector", "."]:
                    for prefix in [
                        ".components",
                        ".components.general",
                        ".components.general.for_testing",
                        ".components.general.langchain",
                        ".components.general.openai",
                        ".components.general.websearch",
                        ".components.inputs_outputs",
                        ".components.general.filter",
                        ".transforms",
                        ".common",
                    ]:
                        full_name = f"{prefix_prefix}{prefix}.{module}"
                        try:
                            if full_name.startswith("."):
                                return importlib.import_module(
                                    full_name, package=__package__
                                )
                            else:
                                return importlib.import_module(full_name)
                        except ModuleNotFoundError as e:
                            name = str(e.name)
                            if (
                                name != "solace_ai_connector"
                                and name.split(".")[-1] != full_name.split(".")[-1]
                            ):
                                raise e
                        except Exception as e:
&gt;                           raise ImportError(
                                f"Module load error for {full_name}: {e}"
                            ) from e
E                           ImportError: Module load error for solace_ai_connector.components.invoke_functions: invalid syntax (langchain_vector_store_embedding_index.py, line 142)

src/solace_ai_connector/common/utils.py:152: ImportError</failure></testcase><testcase classname="tests.test_filter" name="test_simple_filter" time="0.007"><failure message="ImportError: Module load error for solace_ai_connector.components.invoke_functions: invalid syntax (langchain_vector_store_embedding_index.py, line 142)">module = 'invoke_functions', base_path = None, component_package = None

    def import_module(module, base_path=None, component_package=None):
        """Import a module by name or return the module object if it's already imported"""
    
        if isinstance(module, types.ModuleType):
            return module
    
        if component_package:
            install_package(component_package)
    
        if base_path:
            if base_path not in sys.path:
                sys.path.append(base_path)
        try:
&gt;           return importlib.import_module(module)

src/solace_ai_connector/common/utils.py:116: 
_ _ _ _ _ _ _ _ _ _ _ _ _ _ _ _ _ _ _ _ _ _ _ _ _ _ _ _ _ _ _ _ _ _ _ _ _ _ _ _ _ _ _ _ _ _ _ _ _ _ _ _ _ _ _ _ _ _ _ _ 

name = 'invoke_functions', package = None

    def import_module(name, package=None):
        """Import a module.
    
        The 'package' argument is required when performing a relative import. It
        specifies the package to use as the anchor point from which to resolve the
        relative import to an absolute import.
    
        """
        level = 0
        if name.startswith('.'):
            if not package:
                msg = ("the 'package' argument is required to perform a relative "
                       "import for {!r}")
                raise TypeError(msg.format(name))
            for character in name:
                if character != '.':
                    break
                level += 1
&gt;       return _bootstrap._gcd_import(name[level:], package, level)
E       ModuleNotFoundError: No module named 'invoke_functions'

../tmp/Xcode.app/Contents/Developer/Library/Frameworks/Python3.framework/Versions/3.9/lib/python3.9/importlib/__init__.py:127: ModuleNotFoundError

During handling of the above exception, another exception occurred:

module = 'invoke_functions', base_path = None, component_package = None

    def import_module(module, base_path=None, component_package=None):
        """Import a module by name or return the module object if it's already imported"""
    
        if isinstance(module, types.ModuleType):
            return module
    
        if component_package:
            install_package(component_package)
    
        if base_path:
            if base_path not in sys.path:
                sys.path.append(base_path)
        try:
            return importlib.import_module(module)
        except ModuleNotFoundError as exc:
            # If the module does not have a path associated with it, try
            # importing it from the known prefixes - annoying that this
            # is necessary. It seems you can't dynamically import a module
            # that is listed in an __init__.py file :(
            if "." not in module:
                for prefix_prefix in ["solace_ai_connector", "."]:
                    for prefix in [
                        ".components",
                        ".components.general",
                        ".components.general.for_testing",
                        ".components.general.langchain",
                        ".components.general.openai",
                        ".components.general.websearch",
                        ".components.inputs_outputs",
                        ".components.general.filter",
                        ".transforms",
                        ".common",
                    ]:
                        full_name = f"{prefix_prefix}{prefix}.{module}"
                        try:
                            if full_name.startswith("."):
                                return importlib.import_module(
                                    full_name, package=__package__
                                )
                            else:
&gt;                               return importlib.import_module(full_name)

src/solace_ai_connector/common/utils.py:143: 
_ _ _ _ _ _ _ _ _ _ _ _ _ _ _ _ _ _ _ _ _ _ _ _ _ _ _ _ _ _ _ _ _ _ _ _ _ _ _ _ _ _ _ _ _ _ _ _ _ _ _ _ _ _ _ _ _ _ _ _ 
../tmp/Xcode.app/Contents/Developer/Library/Frameworks/Python3.framework/Versions/3.9/lib/python3.9/importlib/__init__.py:127: in import_module
    return _bootstrap._gcd_import(name[level:], package, level)
_ _ _ _ _ _ _ _ _ _ _ _ _ _ _ _ _ _ _ _ _ _ _ _ _ _ _ _ _ _ _ _ _ _ _ _ _ _ _ _ _ _ _ _ _ _ _ _ _ _ _ _ _ _ _ _ _ _ _ _ 

    from .inputs_outputs import (
        error_input,
        timer_input,
        broker_input,
        broker_output,
        stdout_output,
        stdin_input,
    )
    
    from .general import (
        user_processor,
        aggregate,
        pass_through,
        delay,
        iterate,
        message_filter,
        parser,
    )
    
    from .general.for_testing import (
        need_ack_input,
        fail,
        give_ack_output,
    )
    
&gt;   from .general.langchain import (
        langchain_embeddings,
        langchain_vector_store_delete,
        langchain_chat_model,
        langchain_chat_model_with_history,
        langchain_vector_store_embedding_index,
        langchain_vector_store_embedding_search,
    )
E     File "/Users/artmorozov/wrk/SolaceDev-solace-ai-connector/src/solace_ai_connector/components/general/langchain/langchain_vector_store_embedding_index.py", line 142
E       match action:
E             ^
E   SyntaxError: invalid syntax

src/solace_ai_connector/components/__init__.py:28: SyntaxError

The above exception was the direct cause of the following exception:

    def test_simple_filter():
        """Test the filter component with a simple expression"""
        config_yaml = """
    log:
      log_file_level: DEBUG
      log_file: solace_ai_connector.log
    flows:
      - name: test_flow
        components:
          - component_name: message_filter
            component_module: message_filter
            component_config:
              filter_expression:
                invoke:
                  module: invoke_functions
                  function: equal
                  params:
                    positional:
                      - evaluate_expression(input.payload:my_list.1)
                      - 2
    """
&gt;       connector, flows = create_test_flows(config_yaml)

tests/test_filter.py:43: 
_ _ _ _ _ _ _ _ _ _ _ _ _ _ _ _ _ _ _ _ _ _ _ _ _ _ _ _ _ _ _ _ _ _ _ _ _ _ _ _ _ _ _ _ _ _ _ _ _ _ _ _ _ _ _ _ _ _ _ _ 
src/solace_ai_connector/test_utils/utils_for_test_files.py:164: in create_test_flows
    connector = create_connector(config_or_yaml, error_queue=error_queue)
src/solace_ai_connector/test_utils/utils_for_test_files.py:71: in create_connector
    connector = SolaceAiConnector(
src/solace_ai_connector/solace_ai_connector.py:30: in __init__
    resolve_config_values(self.config)
src/solace_ai_connector/common/utils.py:93: in resolve_config_values
    config[key] = resolve_config_values(
src/solace_ai_connector/common/utils.py:82: in resolve_config_values
    config[index] = resolve_config_values(item, allow_source_expression)
src/solace_ai_connector/common/utils.py:93: in resolve_config_values
    config[key] = resolve_config_values(
src/solace_ai_connector/common/utils.py:82: in resolve_config_values
    config[index] = resolve_config_values(item, allow_source_expression)
src/solace_ai_connector/common/utils.py:93: in resolve_config_values
    config[key] = resolve_config_values(
src/solace_ai_connector/common/utils.py:93: in resolve_config_values
    config[key] = resolve_config_values(
src/solace_ai_connector/common/utils.py:87: in resolve_config_values
    config = invoke_config(config["invoke"], allow_source_expression)
src/solace_ai_connector/common/utils.py:182: in invoke_config
    obj = import_module(module, base_path=path)
_ _ _ _ _ _ _ _ _ _ _ _ _ _ _ _ _ _ _ _ _ _ _ _ _ _ _ _ _ _ _ _ _ _ _ _ _ _ _ _ _ _ _ _ _ _ _ _ _ _ _ _ _ _ _ _ _ _ _ _ 

module = 'invoke_functions', base_path = None, component_package = None

    def import_module(module, base_path=None, component_package=None):
        """Import a module by name or return the module object if it's already imported"""
    
        if isinstance(module, types.ModuleType):
            return module
    
        if component_package:
            install_package(component_package)
    
        if base_path:
            if base_path not in sys.path:
                sys.path.append(base_path)
        try:
            return importlib.import_module(module)
        except ModuleNotFoundError as exc:
            # If the module does not have a path associated with it, try
            # importing it from the known prefixes - annoying that this
            # is necessary. It seems you can't dynamically import a module
            # that is listed in an __init__.py file :(
            if "." not in module:
                for prefix_prefix in ["solace_ai_connector", "."]:
                    for prefix in [
                        ".components",
                        ".components.general",
                        ".components.general.for_testing",
                        ".components.general.langchain",
                        ".components.general.openai",
                        ".components.general.websearch",
                        ".components.inputs_outputs",
                        ".components.general.filter",
                        ".transforms",
                        ".common",
                    ]:
                        full_name = f"{prefix_prefix}{prefix}.{module}"
                        try:
                            if full_name.startswith("."):
                                return importlib.import_module(
                                    full_name, package=__package__
                                )
                            else:
                                return importlib.import_module(full_name)
                        except ModuleNotFoundError as e:
                            name = str(e.name)
                            if (
                                name != "solace_ai_connector"
                                and name.split(".")[-1] != full_name.split(".")[-1]
                            ):
                                raise e
                        except Exception as e:
&gt;                           raise ImportError(
                                f"Module load error for {full_name}: {e}"
                            ) from e
E                           ImportError: Module load error for solace_ai_connector.components.invoke_functions: invalid syntax (langchain_vector_store_embedding_index.py, line 142)

src/solace_ai_connector/common/utils.py:152: ImportError</failure></testcase><testcase classname="tests.test_flows" name="test_on_flow_creation_event" time="0.012"><failure message="ImportError: Module load error for solace_ai_connector.components.delay: invalid syntax (langchain_vector_store_embedding_index.py, line 142)">module = 'delay', base_path = None, component_package = None

    def import_module(module, base_path=None, component_package=None):
        """Import a module by name or return the module object if it's already imported"""
    
        if isinstance(module, types.ModuleType):
            return module
    
        if component_package:
            install_package(component_package)
    
        if base_path:
            if base_path not in sys.path:
                sys.path.append(base_path)
        try:
&gt;           return importlib.import_module(module)

src/solace_ai_connector/common/utils.py:116: 
_ _ _ _ _ _ _ _ _ _ _ _ _ _ _ _ _ _ _ _ _ _ _ _ _ _ _ _ _ _ _ _ _ _ _ _ _ _ _ _ _ _ _ _ _ _ _ _ _ _ _ _ _ _ _ _ _ _ _ _ 

name = 'delay', package = None

    def import_module(name, package=None):
        """Import a module.
    
        The 'package' argument is required when performing a relative import. It
        specifies the package to use as the anchor point from which to resolve the
        relative import to an absolute import.
    
        """
        level = 0
        if name.startswith('.'):
            if not package:
                msg = ("the 'package' argument is required to perform a relative "
                       "import for {!r}")
                raise TypeError(msg.format(name))
            for character in name:
                if character != '.':
                    break
                level += 1
&gt;       return _bootstrap._gcd_import(name[level:], package, level)
E       ModuleNotFoundError: No module named 'delay'

../tmp/Xcode.app/Contents/Developer/Library/Frameworks/Python3.framework/Versions/3.9/lib/python3.9/importlib/__init__.py:127: ModuleNotFoundError

During handling of the above exception, another exception occurred:

module = 'delay', base_path = None, component_package = None

    def import_module(module, base_path=None, component_package=None):
        """Import a module by name or return the module object if it's already imported"""
    
        if isinstance(module, types.ModuleType):
            return module
    
        if component_package:
            install_package(component_package)
    
        if base_path:
            if base_path not in sys.path:
                sys.path.append(base_path)
        try:
            return importlib.import_module(module)
        except ModuleNotFoundError as exc:
            # If the module does not have a path associated with it, try
            # importing it from the known prefixes - annoying that this
            # is necessary. It seems you can't dynamically import a module
            # that is listed in an __init__.py file :(
            if "." not in module:
                for prefix_prefix in ["solace_ai_connector", "."]:
                    for prefix in [
                        ".components",
                        ".components.general",
                        ".components.general.for_testing",
                        ".components.general.langchain",
                        ".components.general.openai",
                        ".components.general.websearch",
                        ".components.inputs_outputs",
                        ".components.general.filter",
                        ".transforms",
                        ".common",
                    ]:
                        full_name = f"{prefix_prefix}{prefix}.{module}"
                        try:
                            if full_name.startswith("."):
                                return importlib.import_module(
                                    full_name, package=__package__
                                )
                            else:
&gt;                               return importlib.import_module(full_name)

src/solace_ai_connector/common/utils.py:143: 
_ _ _ _ _ _ _ _ _ _ _ _ _ _ _ _ _ _ _ _ _ _ _ _ _ _ _ _ _ _ _ _ _ _ _ _ _ _ _ _ _ _ _ _ _ _ _ _ _ _ _ _ _ _ _ _ _ _ _ _ 
../tmp/Xcode.app/Contents/Developer/Library/Frameworks/Python3.framework/Versions/3.9/lib/python3.9/importlib/__init__.py:127: in import_module
    return _bootstrap._gcd_import(name[level:], package, level)
_ _ _ _ _ _ _ _ _ _ _ _ _ _ _ _ _ _ _ _ _ _ _ _ _ _ _ _ _ _ _ _ _ _ _ _ _ _ _ _ _ _ _ _ _ _ _ _ _ _ _ _ _ _ _ _ _ _ _ _ 

    from .inputs_outputs import (
        error_input,
        timer_input,
        broker_input,
        broker_output,
        stdout_output,
        stdin_input,
    )
    
    from .general import (
        user_processor,
        aggregate,
        pass_through,
        delay,
        iterate,
        message_filter,
        parser,
    )
    
    from .general.for_testing import (
        need_ack_input,
        fail,
        give_ack_output,
    )
    
&gt;   from .general.langchain import (
        langchain_embeddings,
        langchain_vector_store_delete,
        langchain_chat_model,
        langchain_chat_model_with_history,
        langchain_vector_store_embedding_index,
        langchain_vector_store_embedding_search,
    )
E     File "/Users/artmorozov/wrk/SolaceDev-solace-ai-connector/src/solace_ai_connector/components/general/langchain/langchain_vector_store_embedding_index.py", line 142
E       match action:
E             ^
E   SyntaxError: invalid syntax

src/solace_ai_connector/components/__init__.py:28: SyntaxError

The above exception was the direct cause of the following exception:

    def test_on_flow_creation_event():
        """Test that the on_flow_creation event is called when a flow is created"""
        config_yaml = """
    log:
      log_file_level: DEBUG
      log_file: solace_ai_connector.log
    flows:
      - name: test_flow
        components:
          - component_name: delay1
            component_module: delay
            input_selection:
              source_expression: input.payload:text
      - name: test_flow2
        components:
          - component_name: delay2
            component_module: delay
            input_selection:
              source_expression: input.payload:text
    """
        event_handler_called = False
        flows = []
    
        def event_handler(created_flows):
            nonlocal event_handler_called
            nonlocal flows
            event_handler_called = True
            flows = created_flows
    
        # Create the connector
&gt;       connector = create_connector(
            config_yaml, event_handlers={"on_flow_creation": event_handler}
        )

tests/test_flows.py:156: 
_ _ _ _ _ _ _ _ _ _ _ _ _ _ _ _ _ _ _ _ _ _ _ _ _ _ _ _ _ _ _ _ _ _ _ _ _ _ _ _ _ _ _ _ _ _ _ _ _ _ _ _ _ _ _ _ _ _ _ _ 
src/solace_ai_connector/test_utils/utils_for_test_files.py:76: in create_connector
    connector.run()
src/solace_ai_connector/solace_ai_connector.py:40: in run
    self.create_flows()
src/solace_ai_connector/solace_ai_connector.py:62: in create_flows
    flow_instance = self.create_flow(flow, index, i)
src/solace_ai_connector/solace_ai_connector.py:72: in create_flow
    return Flow(
src/solace_ai_connector/flow/flow.py:67: in __init__
    self.create_components()
src/solace_ai_connector/flow/flow.py:75: in create_components
    self.create_component_group(component, index)
src/solace_ai_connector/flow/flow.py:98: in create_component_group
    imported_module = import_module(component_module, base_path, component_package)
_ _ _ _ _ _ _ _ _ _ _ _ _ _ _ _ _ _ _ _ _ _ _ _ _ _ _ _ _ _ _ _ _ _ _ _ _ _ _ _ _ _ _ _ _ _ _ _ _ _ _ _ _ _ _ _ _ _ _ _ 

module = 'delay', base_path = None, component_package = None

    def import_module(module, base_path=None, component_package=None):
        """Import a module by name or return the module object if it's already imported"""
    
        if isinstance(module, types.ModuleType):
            return module
    
        if component_package:
            install_package(component_package)
    
        if base_path:
            if base_path not in sys.path:
                sys.path.append(base_path)
        try:
            return importlib.import_module(module)
        except ModuleNotFoundError as exc:
            # If the module does not have a path associated with it, try
            # importing it from the known prefixes - annoying that this
            # is necessary. It seems you can't dynamically import a module
            # that is listed in an __init__.py file :(
            if "." not in module:
                for prefix_prefix in ["solace_ai_connector", "."]:
                    for prefix in [
                        ".components",
                        ".components.general",
                        ".components.general.for_testing",
                        ".components.general.langchain",
                        ".components.general.openai",
                        ".components.general.websearch",
                        ".components.inputs_outputs",
                        ".components.general.filter",
                        ".transforms",
                        ".common",
                    ]:
                        full_name = f"{prefix_prefix}{prefix}.{module}"
                        try:
                            if full_name.startswith("."):
                                return importlib.import_module(
                                    full_name, package=__package__
                                )
                            else:
                                return importlib.import_module(full_name)
                        except ModuleNotFoundError as e:
                            name = str(e.name)
                            if (
                                name != "solace_ai_connector"
                                and name.split(".")[-1] != full_name.split(".")[-1]
                            ):
                                raise e
                        except Exception as e:
&gt;                           raise ImportError(
                                f"Module load error for {full_name}: {e}"
                            ) from e
E                           ImportError: Module load error for solace_ai_connector.components.delay: invalid syntax (langchain_vector_store_embedding_index.py, line 142)

src/solace_ai_connector/common/utils.py:152: ImportError</failure></testcase><testcase classname="tests.test_invoke" name="test_resolve_config_values[test0]" time="0.001" /><testcase classname="tests.test_filter" name="test_filter_with_multi_stage_data" time="0.008"><failure message="ImportError: Module load error for solace_ai_connector.components.invoke_functions: invalid syntax (langchain_vector_store_embedding_index.py, line 142)">module = 'invoke_functions', base_path = None, component_package = None

    def import_module(module, base_path=None, component_package=None):
        """Import a module by name or return the module object if it's already imported"""
    
        if isinstance(module, types.ModuleType):
            return module
    
        if component_package:
            install_package(component_package)
    
        if base_path:
            if base_path not in sys.path:
                sys.path.append(base_path)
        try:
&gt;           return importlib.import_module(module)

src/solace_ai_connector/common/utils.py:116: 
_ _ _ _ _ _ _ _ _ _ _ _ _ _ _ _ _ _ _ _ _ _ _ _ _ _ _ _ _ _ _ _ _ _ _ _ _ _ _ _ _ _ _ _ _ _ _ _ _ _ _ _ _ _ _ _ _ _ _ _ 

name = 'invoke_functions', package = None

    def import_module(name, package=None):
        """Import a module.
    
        The 'package' argument is required when performing a relative import. It
        specifies the package to use as the anchor point from which to resolve the
        relative import to an absolute import.
    
        """
        level = 0
        if name.startswith('.'):
            if not package:
                msg = ("the 'package' argument is required to perform a relative "
                       "import for {!r}")
                raise TypeError(msg.format(name))
            for character in name:
                if character != '.':
                    break
                level += 1
&gt;       return _bootstrap._gcd_import(name[level:], package, level)
E       ModuleNotFoundError: No module named 'invoke_functions'

../tmp/Xcode.app/Contents/Developer/Library/Frameworks/Python3.framework/Versions/3.9/lib/python3.9/importlib/__init__.py:127: ModuleNotFoundError

During handling of the above exception, another exception occurred:

module = 'invoke_functions', base_path = None, component_package = None

    def import_module(module, base_path=None, component_package=None):
        """Import a module by name or return the module object if it's already imported"""
    
        if isinstance(module, types.ModuleType):
            return module
    
        if component_package:
            install_package(component_package)
    
        if base_path:
            if base_path not in sys.path:
                sys.path.append(base_path)
        try:
            return importlib.import_module(module)
        except ModuleNotFoundError as exc:
            # If the module does not have a path associated with it, try
            # importing it from the known prefixes - annoying that this
            # is necessary. It seems you can't dynamically import a module
            # that is listed in an __init__.py file :(
            if "." not in module:
                for prefix_prefix in ["solace_ai_connector", "."]:
                    for prefix in [
                        ".components",
                        ".components.general",
                        ".components.general.for_testing",
                        ".components.general.langchain",
                        ".components.general.openai",
                        ".components.general.websearch",
                        ".components.inputs_outputs",
                        ".components.general.filter",
                        ".transforms",
                        ".common",
                    ]:
                        full_name = f"{prefix_prefix}{prefix}.{module}"
                        try:
                            if full_name.startswith("."):
                                return importlib.import_module(
                                    full_name, package=__package__
                                )
                            else:
&gt;                               return importlib.import_module(full_name)

src/solace_ai_connector/common/utils.py:143: 
_ _ _ _ _ _ _ _ _ _ _ _ _ _ _ _ _ _ _ _ _ _ _ _ _ _ _ _ _ _ _ _ _ _ _ _ _ _ _ _ _ _ _ _ _ _ _ _ _ _ _ _ _ _ _ _ _ _ _ _ 
../tmp/Xcode.app/Contents/Developer/Library/Frameworks/Python3.framework/Versions/3.9/lib/python3.9/importlib/__init__.py:127: in import_module
    return _bootstrap._gcd_import(name[level:], package, level)
_ _ _ _ _ _ _ _ _ _ _ _ _ _ _ _ _ _ _ _ _ _ _ _ _ _ _ _ _ _ _ _ _ _ _ _ _ _ _ _ _ _ _ _ _ _ _ _ _ _ _ _ _ _ _ _ _ _ _ _ 

    from .inputs_outputs import (
        error_input,
        timer_input,
        broker_input,
        broker_output,
        stdout_output,
        stdin_input,
    )
    
    from .general import (
        user_processor,
        aggregate,
        pass_through,
        delay,
        iterate,
        message_filter,
        parser,
    )
    
    from .general.for_testing import (
        need_ack_input,
        fail,
        give_ack_output,
    )
    
&gt;   from .general.langchain import (
        langchain_embeddings,
        langchain_vector_store_delete,
        langchain_chat_model,
        langchain_chat_model_with_history,
        langchain_vector_store_embedding_index,
        langchain_vector_store_embedding_search,
    )
E     File "/Users/artmorozov/wrk/SolaceDev-solace-ai-connector/src/solace_ai_connector/components/general/langchain/langchain_vector_store_embedding_index.py", line 142
E       match action:
E             ^
E   SyntaxError: invalid syntax

src/solace_ai_connector/components/__init__.py:28: SyntaxError

The above exception was the direct cause of the following exception:

    def test_filter_with_multi_stage_data():
        """Test the filter component with a previous stage passing on data and the filter
        input_transforms copying that data into a user_data area"""
        config_yaml = """
    log:
      log_file_level: DEBUG
      log_file: solace_ai_connector.log
    flows:
      - name: test_flow
        components:
          - component_name: user_processor
            component_module: user_processor
            component_config:
              component_processing:
                invoke:
                  module: invoke_functions
                  function: add
                  params:
                    positional:
                      - 5
                      - 6
          - component_name: message_filter
            component_module: message_filter
            component_config:
              filter_expression:
                invoke:
                  module: invoke_functions
                  function: not_equal
                  params:
                    positional:
                      - 1
                      - 2
            input_transforms:
              - type: copy
                source_expression: previous
                dest_expression: user_data.output
          - component_name: pass_through
            component_module: pass_through
    
    
    """
&gt;       connector, flows = create_test_flows(config_yaml, queue_timeout=1)

tests/test_filter.py:151: 
_ _ _ _ _ _ _ _ _ _ _ _ _ _ _ _ _ _ _ _ _ _ _ _ _ _ _ _ _ _ _ _ _ _ _ _ _ _ _ _ _ _ _ _ _ _ _ _ _ _ _ _ _ _ _ _ _ _ _ _ 
src/solace_ai_connector/test_utils/utils_for_test_files.py:164: in create_test_flows
    connector = create_connector(config_or_yaml, error_queue=error_queue)
src/solace_ai_connector/test_utils/utils_for_test_files.py:71: in create_connector
    connector = SolaceAiConnector(
src/solace_ai_connector/solace_ai_connector.py:30: in __init__
    resolve_config_values(self.config)
src/solace_ai_connector/common/utils.py:93: in resolve_config_values
    config[key] = resolve_config_values(
src/solace_ai_connector/common/utils.py:82: in resolve_config_values
    config[index] = resolve_config_values(item, allow_source_expression)
src/solace_ai_connector/common/utils.py:93: in resolve_config_values
    config[key] = resolve_config_values(
src/solace_ai_connector/common/utils.py:82: in resolve_config_values
    config[index] = resolve_config_values(item, allow_source_expression)
src/solace_ai_connector/common/utils.py:93: in resolve_config_values
    config[key] = resolve_config_values(
src/solace_ai_connector/common/utils.py:93: in resolve_config_values
    config[key] = resolve_config_values(
src/solace_ai_connector/common/utils.py:87: in resolve_config_values
    config = invoke_config(config["invoke"], allow_source_expression)
src/solace_ai_connector/common/utils.py:182: in invoke_config
    obj = import_module(module, base_path=path)
_ _ _ _ _ _ _ _ _ _ _ _ _ _ _ _ _ _ _ _ _ _ _ _ _ _ _ _ _ _ _ _ _ _ _ _ _ _ _ _ _ _ _ _ _ _ _ _ _ _ _ _ _ _ _ _ _ _ _ _ 

module = 'invoke_functions', base_path = None, component_package = None

    def import_module(module, base_path=None, component_package=None):
        """Import a module by name or return the module object if it's already imported"""
    
        if isinstance(module, types.ModuleType):
            return module
    
        if component_package:
            install_package(component_package)
    
        if base_path:
            if base_path not in sys.path:
                sys.path.append(base_path)
        try:
            return importlib.import_module(module)
        except ModuleNotFoundError as exc:
            # If the module does not have a path associated with it, try
            # importing it from the known prefixes - annoying that this
            # is necessary. It seems you can't dynamically import a module
            # that is listed in an __init__.py file :(
            if "." not in module:
                for prefix_prefix in ["solace_ai_connector", "."]:
                    for prefix in [
                        ".components",
                        ".components.general",
                        ".components.general.for_testing",
                        ".components.general.langchain",
                        ".components.general.openai",
                        ".components.general.websearch",
                        ".components.inputs_outputs",
                        ".components.general.filter",
                        ".transforms",
                        ".common",
                    ]:
                        full_name = f"{prefix_prefix}{prefix}.{module}"
                        try:
                            if full_name.startswith("."):
                                return importlib.import_module(
                                    full_name, package=__package__
                                )
                            else:
                                return importlib.import_module(full_name)
                        except ModuleNotFoundError as e:
                            name = str(e.name)
                            if (
                                name != "solace_ai_connector"
                                and name.split(".")[-1] != full_name.split(".")[-1]
                            ):
                                raise e
                        except Exception as e:
&gt;                           raise ImportError(
                                f"Module load error for {full_name}: {e}"
                            ) from e
E                           ImportError: Module load error for solace_ai_connector.components.invoke_functions: invalid syntax (langchain_vector_store_embedding_index.py, line 142)

src/solace_ai_connector/common/utils.py:152: ImportError</failure></testcase><testcase classname="tests.test_config_file" name="test_no_component_name" time="0.005" /><testcase classname="tests.test_config_file" name="test_no_flow_components" time="0.002" /><testcase classname="tests.test_invoke" name="test_resolve_config_values[test1]" time="0.002"><failure message="ImportError: Module load error for solace_ai_connector.components.invoke_functions: invalid syntax (langchain_vector_store_embedding_index.py, line 142)">module = 'invoke_functions', base_path = None, component_package = None

    def import_module(module, base_path=None, component_package=None):
        """Import a module by name or return the module object if it's already imported"""
    
        if isinstance(module, types.ModuleType):
            return module
    
        if component_package:
            install_package(component_package)
    
        if base_path:
            if base_path not in sys.path:
                sys.path.append(base_path)
        try:
&gt;           return importlib.import_module(module)

src/solace_ai_connector/common/utils.py:116: 
_ _ _ _ _ _ _ _ _ _ _ _ _ _ _ _ _ _ _ _ _ _ _ _ _ _ _ _ _ _ _ _ _ _ _ _ _ _ _ _ _ _ _ _ _ _ _ _ _ _ _ _ _ _ _ _ _ _ _ _ 

name = 'invoke_functions', package = None

    def import_module(name, package=None):
        """Import a module.
    
        The 'package' argument is required when performing a relative import. It
        specifies the package to use as the anchor point from which to resolve the
        relative import to an absolute import.
    
        """
        level = 0
        if name.startswith('.'):
            if not package:
                msg = ("the 'package' argument is required to perform a relative "
                       "import for {!r}")
                raise TypeError(msg.format(name))
            for character in name:
                if character != '.':
                    break
                level += 1
&gt;       return _bootstrap._gcd_import(name[level:], package, level)
E       ModuleNotFoundError: No module named 'invoke_functions'

../tmp/Xcode.app/Contents/Developer/Library/Frameworks/Python3.framework/Versions/3.9/lib/python3.9/importlib/__init__.py:127: ModuleNotFoundError

During handling of the above exception, another exception occurred:

module = 'invoke_functions', base_path = None, component_package = None

    def import_module(module, base_path=None, component_package=None):
        """Import a module by name or return the module object if it's already imported"""
    
        if isinstance(module, types.ModuleType):
            return module
    
        if component_package:
            install_package(component_package)
    
        if base_path:
            if base_path not in sys.path:
                sys.path.append(base_path)
        try:
            return importlib.import_module(module)
        except ModuleNotFoundError as exc:
            # If the module does not have a path associated with it, try
            # importing it from the known prefixes - annoying that this
            # is necessary. It seems you can't dynamically import a module
            # that is listed in an __init__.py file :(
            if "." not in module:
                for prefix_prefix in ["solace_ai_connector", "."]:
                    for prefix in [
                        ".components",
                        ".components.general",
                        ".components.general.for_testing",
                        ".components.general.langchain",
                        ".components.general.openai",
                        ".components.general.websearch",
                        ".components.inputs_outputs",
                        ".components.general.filter",
[...]

name = 'pass_through', package = None

    def import_module(name, package=None):
        """Import a module.
    
        The 'package' argument is required when performing a relative import. It
        specifies the package to use as the anchor point from which to resolve the
        relative import to an absolute import.
    
        """
        level = 0
        if name.startswith('.'):
            if not package:
                msg = ("the 'package' argument is required to perform a relative "
                       "import for {!r}")
                raise TypeError(msg.format(name))
            for character in name:
                if character != '.':
                    break
                level += 1
&gt;       return _bootstrap._gcd_import(name[level:], package, level)
E       ModuleNotFoundError: No module named 'pass_through'

../tmp/Xcode.app/Contents/Developer/Library/Frameworks/Python3.framework/Versions/3.9/lib/python3.9/importlib/__init__.py:127: ModuleNotFoundError

During handling of the above exception, another exception occurred:

module = 'pass_through', base_path = None, component_package = None

    def import_module(module, base_path=None, component_package=None):
        """Import a module by name or return the module object if it's already imported"""
    
        if isinstance(module, types.ModuleType):
            return module
    
        if component_package:
            install_package(component_package)
    
        if base_path:
            if base_path not in sys.path:
                sys.path.append(base_path)
        try:
            return importlib.import_module(module)
        except ModuleNotFoundError as exc:
            # If the module does not have a path associated with it, try
            # importing it from the known prefixes - annoying that this
            # is necessary. It seems you can't dynamically import a module
            # that is listed in an __init__.py file :(
            if "." not in module:
                for prefix_prefix in ["solace_ai_connector", "."]:
                    for prefix in [
                        ".components",
                        ".components.general",
                        ".components.general.for_testing",
                        ".components.general.langchain",
                        ".components.general.openai",
                        ".components.general.websearch",
                        ".components.inputs_outputs",
                        ".components.general.filter",
                        ".transforms",
                        ".common",
                    ]:
                        full_name = f"{prefix_prefix}{prefix}.{module}"
                        try:
                            if full_name.startswith("."):
                                return importlib.import_module(
                                    full_name, package=__package__
                                )
                            else:
&gt;                               return importlib.import_module(full_name)

src/solace_ai_connector/common/utils.py:143: 
_ _ _ _ _ _ _ _ _ _ _ _ _ _ _ _ _ _ _ _ _ _ _ _ _ _ _ _ _ _ _ _ _ _ _ _ _ _ _ _ _ _ _ _ _ _ _ _ _ _ _ _ _ _ _ _ _ _ _ _ 
../tmp/Xcode.app/Contents/Developer/Library/Frameworks/Python3.framework/Versions/3.9/lib/python3.9/importlib/__init__.py:127: in import_module
    return _bootstrap._gcd_import(name[level:], package, level)
_ _ _ _ _ _ _ _ _ _ _ _ _ _ _ _ _ _ _ _ _ _ _ _ _ _ _ _ _ _ _ _ _ _ _ _ _ _ _ _ _ _ _ _ _ _ _ _ _ _ _ _ _ _ _ _ _ _ _ _ 

    from .inputs_outputs import (
        error_input,
        timer_input,
        broker_input,
        broker_output,
        stdout_output,
        stdin_input,
    )
    
    from .general import (
        user_processor,
        aggregate,
        pass_through,
        delay,
        iterate,
        message_filter,
        parser,
    )
    
    from .general.for_testing import (
        need_ack_input,
        fail,
        give_ack_output,
    )
    
&gt;   from .general.langchain import (
        langchain_embeddings,
        langchain_vector_store_delete,
        langchain_chat_model,
        langchain_chat_model_with_history,
        langchain_vector_store_embedding_index,
        langchain_vector_store_embedding_search,
    )
E     File "/Users/artmorozov/wrk/SolaceDev-solace-ai-connector/src/solace_ai_connector/components/general/langchain/langchain_vector_store_embedding_index.py", line 142
E       match action:
E             ^
E   SyntaxError: invalid syntax

src/solace_ai_connector/components/__init__.py:28: SyntaxError

The above exception was the direct cause of the following exception:

    def test_map_with_message_source_expression():
        """Test the map transform with message source expression"""
        # Create a simple configuration
        config_yaml = """
    flows:
      - name: test_flow
        components:
          - component_name: pass_through
            component_module: pass_through
            input_transforms:
              - type: map
                source_list_expression: input.payload:my_list
                source_expression: item:one
                dest_list_expression: user_data.temp:my_list
                dest_expression: my_obj.item
              - type: map
                source_list_expression: input.payload:my_list
                source_expression: input.payload:my_obj.two
                dest_list_expression: user_data.temp:my_list
                dest_expression: my_obj.my_obj_two
            input_selection:
              source_expression: user_data.temp
    """
    
        message = Message(
            payload={"my_list": [{"one": 1}, {"one": 2}, {"one": 3}], "my_obj": {"two": 2}}
        )
&gt;       output_message = create_and_run_component(config_yaml, message)

tests/test_transforms.py:208: 
_ _ _ _ _ _ _ _ _ _ _ _ _ _ _ _ _ _ _ _ _ _ _ _ _ _ _ _ _ _ _ _ _ _ _ _ _ _ _ _ _ _ _ _ _ _ _ _ _ _ _ _ _ _ _ _ _ _ _ _ 
src/solace_ai_connector/test_utils/utils_for_test_files.py:231: in create_and_run_component
    connector, flow_info = create_test_flows(
src/solace_ai_connector/test_utils/utils_for_test_files.py:164: in create_test_flows
    connector = create_connector(config_or_yaml, error_queue=error_queue)
src/solace_ai_connector/test_utils/utils_for_test_files.py:76: in create_connector
    connector.run()
src/solace_ai_connector/solace_ai_connector.py:40: in run
    self.create_flows()
src/solace_ai_connector/solace_ai_connector.py:62: in create_flows
    flow_instance = self.create_flow(flow, index, i)
src/solace_ai_connector/solace_ai_connector.py:72: in create_flow
    return Flow(
src/solace_ai_connector/flow/flow.py:67: in __init__
    self.create_components()
src/solace_ai_connector/flow/flow.py:75: in create_components
    self.create_component_group(component, index)
src/solace_ai_connector/flow/flow.py:98: in create_component_group
    imported_module = import_module(component_module, base_path, component_package)
_ _ _ _ _ _ _ _ _ _ _ _ _ _ _ _ _ _ _ _ _ _ _ _ _ _ _ _ _ _ _ _ _ _ _ _ _ _ _ _ _ _ _ _ _ _ _ _ _ _ _ _ _ _ _ _ _ _ _ _ 

module = 'pass_through', base_path = None, component_package = None

    def import_module(module, base_path=None, component_package=None):
        """Import a module by name or return the module object if it's already imported"""
    
        if isinstance(module, types.ModuleType):
            return module
    
        if component_package:
            install_package(component_package)
    
        if base_path:
            if base_path not in sys.path:
                sys.path.append(base_path)
        try:
            return importlib.import_module(module)
        except ModuleNotFoundError as exc:
            # If the module does not have a path associated with it, try
            # importing it from the known prefixes - annoying that this
            # is necessary. It seems you can't dynamically import a module
            # that is listed in an __init__.py file :(
            if "." not in module:
                for prefix_prefix in ["solace_ai_connector", "."]:
                    for prefix in [
                        ".components",
                        ".components.general",
                        ".components.general.for_testing",
                        ".components.general.langchain",
                        ".components.general.openai",
                        ".components.general.websearch",
                        ".components.inputs_outputs",
                        ".components.general.filter",
                        ".transforms",
                        ".common",
                    ]:
                        full_name = f"{prefix_prefix}{prefix}.{module}"
                        try:
                            if full_name.startswith("."):
                                return importlib.import_module(
                                    full_name, package=__package__
                                )
                            else:
                                return importlib.import_module(full_name)
                        except ModuleNotFoundError as e:
                            name = str(e.name)
                            if (
                                name != "solace_ai_connector"
                                and name.split(".")[-1] != full_name.split(".")[-1]
                            ):
                                raise e
                        except Exception as e:
&gt;                           raise ImportError(
                                f"Module load error for {full_name}: {e}"
                            ) from e
E                           ImportError: Module load error for solace_ai_connector.components.pass_through: invalid syntax (langchain_vector_store_embedding_index.py, line 142)

src/solace_ai_connector/common/utils.py:152: ImportError</failure></testcase><testcase classname="tests.test_transforms" name="test_transform_without_a_type" time="0.007"><failure message="ImportError: Module load error for solace_ai_connector.components.pass_through: invalid syntax (langchain_vector_store_embedding_index.py, line 142)">module = 'pass_through', base_path = None, component_package = None

    def import_module(module, base_path=None, component_package=None):
        """Import a module by name or return the module object if it's already imported"""
    
        if isinstance(module, types.ModuleType):
            return module
    
        if component_package:
            install_package(component_package)
    
        if base_path:
            if base_path not in sys.path:
                sys.path.append(base_path)
        try:
&gt;           return importlib.import_module(module)

src/solace_ai_connector/common/utils.py:116: 
_ _ _ _ _ _ _ _ _ _ _ _ _ _ _ _ _ _ _ _ _ _ _ _ _ _ _ _ _ _ _ _ _ _ _ _ _ _ _ _ _ _ _ _ _ _ _ _ _ _ _ _ _ _ _ _ _ _ _ _ 

name = 'pass_through', package = None

    def import_module(name, package=None):
        """Import a module.
    
        The 'package' argument is required when performing a relative import. It
        specifies the package to use as the anchor point from which to resolve the
        relative import to an absolute import.
    
        """
        level = 0
        if name.startswith('.'):
            if not package:
                msg = ("the 'package' argument is required to perform a relative "
                       "import for {!r}")
                raise TypeError(msg.format(name))
            for character in name:
                if character != '.':
                    break
                level += 1
&gt;       return _bootstrap._gcd_import(name[level:], package, level)
E       ModuleNotFoundError: No module named 'pass_through'

../tmp/Xcode.app/Contents/Developer/Library/Frameworks/Python3.framework/Versions/3.9/lib/python3.9/importlib/__init__.py:127: ModuleNotFoundError

During handling of the above exception, another exception occurred:

module = 'pass_through', base_path = None, component_package = None

    def import_module(module, base_path=None, component_package=None):
        """Import a module by name or return the module object if it's already imported"""
    
        if isinstance(module, types.ModuleType):
            return module
    
        if component_package:
            install_package(component_package)
    
        if base_path:
            if base_path not in sys.path:
                sys.path.append(base_path)
        try:
            return importlib.import_module(module)
        except ModuleNotFoundError as exc:
            # If the module does not have a path associated with it, try
            # importing it from the known prefixes - annoying that this
            # is necessary. It seems you can't dynamically import a module
            # that is listed in an __init__.py file :(
            if "." not in module:
                for prefix_prefix in ["solace_ai_connector", "."]:
                    for prefix in [
                        ".components",
                        ".components.general",
                        ".components.general.for_testing",
                        ".components.general.langchain",
                        ".components.general.openai",
                        ".components.general.websearch",
                        ".components.inputs_outputs",
                        ".components.general.filter",
                        ".transforms",
                        ".common",
                    ]:
                        full_name = f"{prefix_prefix}{prefix}.{module}"
                        try:
                            if full_name.startswith("."):
                                return importlib.import_module(
                                    full_name, package=__package__
                                )
                            else:
&gt;                               return importlib.import_module(full_name)

src/solace_ai_connector/common/utils.py:143: 
_ _ _ _ _ _ _ _ _ _ _ _ _ _ _ _ _ _ _ _ _ _ _ _ _ _ _ _ _ _ _ _ _ _ _ _ _ _ _ _ _ _ _ _ _ _ _ _ _ _ _ _ _ _ _ _ _ _ _ _ 
../tmp/Xcode.app/Contents/Developer/Library/Frameworks/Python3.framework/Versions/3.9/lib/python3.9/importlib/__init__.py:127: in import_module
    return _bootstrap._gcd_import(name[level:], package, level)
_ _ _ _ _ _ _ _ _ _ _ _ _ _ _ _ _ _ _ _ _ _ _ _ _ _ _ _ _ _ _ _ _ _ _ _ _ _ _ _ _ _ _ _ _ _ _ _ _ _ _ _ _ _ _ _ _ _ _ _ 

    from .inputs_outputs import (
        error_input,
        timer_input,
        broker_input,
        broker_output,
        stdout_output,
        stdin_input,
    )
    
    from .general import (
        user_processor,
        aggregate,
        pass_through,
        delay,
        iterate,
        message_filter,
        parser,
    )
    
    from .general.for_testing import (
        need_ack_input,
        fail,
        give_ack_output,
    )
    
&gt;   from .general.langchain import (
        langchain_embeddings,
        langchain_vector_store_delete,
        langchain_chat_model,
        langchain_chat_model_with_history,
        langchain_vector_store_embedding_index,
        langchain_vector_store_embedding_search,
    )
E     File "/Users/artmorozov/wrk/SolaceDev-solace-ai-connector/src/solace_ai_connector/components/general/langchain/langchain_vector_store_embedding_index.py", line 142
E       match action:
E             ^
E   SyntaxError: invalid syntax

src/solace_ai_connector/components/__init__.py:28: SyntaxError

The above exception was the direct cause of the following exception:

    def test_transform_without_a_type():
        """Test that the program exits if a transform does not have a type"""
        try:
            config_yaml = """
    flows:
      - name: test_flow
        components:
          - component_name: pass_through
            component_module: pass_through
            input_transforms:
              - source_expression: input.payload:one
                dest_expression: user_data.temp:my_list
            input_selection:
              source_expression: user_data.temp
    """
&gt;           create_connector(config_yaml)

tests/test_transforms.py:294: 
_ _ _ _ _ _ _ _ _ _ _ _ _ _ _ _ _ _ _ _ _ _ _ _ _ _ _ _ _ _ _ _ _ _ _ _ _ _ _ _ _ _ _ _ _ _ _ _ _ _ _ _ _ _ _ _ _ _ _ _ 
src/solace_ai_connector/test_utils/utils_for_test_files.py:76: in create_connector
    connector.run()
src/solace_ai_connector/solace_ai_connector.py:40: in run
    self.create_flows()
src/solace_ai_connector/solace_ai_connector.py:62: in create_flows
    flow_instance = self.create_flow(flow, index, i)
src/solace_ai_connector/solace_ai_connector.py:72: in create_flow
    return Flow(
src/solace_ai_connector/flow/flow.py:67: in __init__
    self.create_components()
src/solace_ai_connector/flow/flow.py:75: in create_components
    self.create_component_group(component, index)
src/solace_ai_connector/flow/flow.py:98: in create_component_group
    imported_module = import_module(component_module, base_path, component_package)
_ _ _ _ _ _ _ _ _ _ _ _ _ _ _ _ _ _ _ _ _ _ _ _ _ _ _ _ _ _ _ _ _ _ _ _ _ _ _ _ _ _ _ _ _ _ _ _ _ _ _ _ _ _ _ _ _ _ _ _ 

module = 'pass_through', base_path = None, component_package = None

    def import_module(module, base_path=None, component_package=None):
        """Import a module by name or return the module object if it's already imported"""
    
        if isinstance(module, types.ModuleType):
            return module
    
        if component_package:
            install_package(component_package)
    
        if base_path:
            if base_path not in sys.path:
                sys.path.append(base_path)
        try:
            return importlib.import_module(module)
        except ModuleNotFoundError as exc:
            # If the module does not have a path associated with it, try
            # importing it from the known prefixes - annoying that this
            # is necessary. It seems you can't dynamically import a module
            # that is listed in an __init__.py file :(
            if "." not in module:
                for prefix_prefix in ["solace_ai_connector", "."]:
                    for prefix in [
                        ".components",
                        ".components.general",
                        ".components.general.for_testing",
                        ".components.general.langchain",
                        ".components.general.openai",
                        ".components.general.websearch",
                        ".components.inputs_outputs",
                        ".components.general.filter",
                        ".transforms",
                        ".common",
                    ]:
                        full_name = f"{prefix_prefix}{prefix}.{module}"
                        try:
                            if full_name.startswith("."):
                                return importlib.import_module(
                                    full_name, package=__package__
                                )
                            else:
                                return importlib.import_module(full_name)
                        except ModuleNotFoundError as e:
                            name = str(e.name)
                            if (
                                name != "solace_ai_connector"
                                and name.split(".")[-1] != full_name.split(".")[-1]
                            ):
                                raise e
                        except Exception as e:
&gt;                           raise ImportError(
                                f"Module load error for {full_name}: {e}"
                            ) from e
E                           ImportError: Module load error for solace_ai_connector.components.pass_through: invalid syntax (langchain_vector_store_embedding_index.py, line 142)

src/solace_ai_connector/common/utils.py:152: ImportError</failure></testcase></testsuite></testsuites>